2024-11-23 11:34:03 - Starting weather data update process
2024-11-23 11:34:03 - Found 9 cities in the CSV file
2024-11-23 11:34:03 - Making API request for kilifi
2024-11-23 11:34:03 - Weather data for kilifi: Temp=31.1°C, Humidity=66%, Wind=10.1 km/h, Condition=Partly cloudy
2024-11-23 11:34:04 - Making API request for watamu
2024-11-23 11:34:04 - Weather data for watamu: Temp=31.2°C, Humidity=66%, Wind=11.9 km/h, Condition=Partly cloudy
2024-11-23 11:34:05 - Making API request for magadi
2024-11-23 11:34:06 - Weather data for magadi: Temp=25.0°C, Humidity=53%, Wind=10.1 km/h, Condition=Patchy rain nearby
2024-11-23 11:34:07 - Making API request for suswa
2024-11-23 11:34:07 - Weather data for suswa: Temp=26.2°C, Humidity=65%, Wind=3.6 km/h, Condition=Partly cloudy
2024-11-23 11:34:08 - Making API request for nyeri
2024-11-23 11:34:08 - Weather data for nyeri: Temp=22.3°C, Humidity=65%, Wind=7.2 km/h, Condition=Partly cloudy
2024-11-23 11:34:09 - Making API request for bumgoma
2024-11-23 11:34:10 - Weather data for bumgoma: Temp=26.2°C, Humidity=65%, Wind=3.6 km/h, Condition=Partly cloudy
2024-11-23 11:34:11 - Making API request for malaba
2024-11-23 11:34:11 - Weather data for malaba: Temp=24.6°C, Humidity=64%, Wind=7.6 km/h, Condition=Patchy rain nearby
2024-11-23 11:34:12 - Making API request for turkana
2024-11-23 11:34:13 - Weather data for turkana: Temp=28.6°C, Humidity=57%, Wind=18.0 km/h, Condition=Partly Cloudy
2024-11-23 11:34:14 - Making API request for moyale
2024-11-23 11:34:15 - Weather data for moyale: Temp=24.2°C, Humidity=68%, Wind=15.5 km/h, Condition=Light rain shower
2024-11-23 11:34:16 - Weather data updated successfully!
2024-11-23 11:46:42 - Starting weather data update process
2024-11-23 11:46:42 - Found 30 cities in the CSV file
2024-11-23 11:46:42 - Making API request for machakos
2024-11-23 11:46:43 - Weather data for machakos: Temp=21.2°C, Humidity=65%, Wind=9.0 km/h, Condition=Patchy rain nearby
2024-11-23 11:46:44 - Making API request for moyale
2024-11-23 11:46:44 - Weather data for moyale: Temp=24.2°C, Humidity=68%, Wind=15.5 km/h, Condition=Light rain shower
2024-11-23 11:46:45 - Making API request for nyeri
2024-11-23 11:46:45 - Weather data for nyeri: Temp=22.3°C, Humidity=65%, Wind=7.2 km/h, Condition=Partly cloudy
2024-11-23 11:46:46 - Making API request for kilifi
2024-11-23 11:46:46 - Weather data for kilifi: Temp=31.4°C, Humidity=66%, Wind=10.1 km/h, Condition=Partly cloudy
2024-11-23 11:46:47 - Making API request for magadi
2024-11-23 11:46:48 - Weather data for magadi: Temp=25.0°C, Humidity=53%, Wind=10.1 km/h, Condition=Patchy rain nearby
2024-11-23 11:46:49 - Making API request for watamu
2024-11-23 11:46:49 - Weather data for watamu: Temp=31.2°C, Humidity=66%, Wind=11.9 km/h, Condition=Partly cloudy
2024-11-23 11:46:50 - Making API request for bumgoma
2024-11-23 11:46:50 - Weather data for bumgoma: Temp=26.2°C, Humidity=65%, Wind=3.6 km/h, Condition=Partly cloudy
2024-11-23 11:46:51 - Making API request for suswa
2024-11-23 11:46:51 - Weather data for suswa: Temp=26.2°C, Humidity=65%, Wind=3.6 km/h, Condition=Partly cloudy
2024-11-23 11:46:52 - Making API request for malaba
2024-11-23 11:46:53 - Weather data for malaba: Temp=24.6°C, Humidity=64%, Wind=7.6 km/h, Condition=Patchy rain nearby
2024-11-23 11:46:54 - Making API request for kitui
2024-11-23 11:46:54 - Weather data for kitui: Temp=27.1°C, Humidity=69%, Wind=4.7 km/h, Condition=Light rain
2024-11-23 11:46:55 - Making API request for nyandarua
2024-11-23 11:46:56 - Weather data for nyandarua: Temp=26.2°C, Humidity=65%, Wind=3.6 km/h, Condition=Partly cloudy
2024-11-23 11:46:57 - Making API request for turkana
2024-11-23 11:46:57 - Weather data for turkana: Temp=28.6°C, Humidity=57%, Wind=18.0 km/h, Condition=Partly Cloudy
2024-11-23 11:46:58 - Making API request for kisumu
2024-11-23 11:46:58 - Weather data for kisumu: Temp=26.2°C, Humidity=65%, Wind=3.6 km/h, Condition=Partly cloudy
2024-11-23 11:46:59 - Making API request for kakamega
2024-11-23 11:47:00 - Weather data for kakamega: Temp=26.2°C, Humidity=65%, Wind=6.8 km/h, Condition=Partly cloudy
2024-11-23 11:47:01 - Making API request for migori
2024-11-23 11:47:01 - Weather data for migori: Temp=24.8°C, Humidity=68%, Wind=3.6 km/h, Condition=Patchy rain nearby
2024-11-23 11:47:02 - Making API request for mandera
2024-11-23 11:47:02 - Weather data for mandera: Temp=30.6°C, Humidity=53%, Wind=15.1 km/h, Condition=Light rain shower
2024-11-23 11:47:03 - Making API request for meru
2024-11-23 11:47:04 - Weather data for meru: Temp=23.2°C, Humidity=78%, Wind=7.2 km/h, Condition=Partly cloudy
2024-11-23 11:47:05 - Making API request for mombasa
2024-11-23 11:47:05 - Weather data for mombasa: Temp=26.4°C, Humidity=80%, Wind=7.9 km/h, Condition=Sunny
2024-11-23 11:47:06 - Making API request for diani
2024-11-23 11:47:06 - Weather data for diani: Temp=22.2°C, Humidity=43%, Wind=3.6 km/h, Condition=Sunny
2024-11-23 11:47:07 - Making API request for kwale
2024-11-23 11:47:08 - Weather data for kwale: Temp=25.5°C, Humidity=85%, Wind=7.2 km/h, Condition=Cloudy
2024-11-23 11:47:09 - Making API request for voi
2024-11-23 11:47:09 - Weather data for voi: Temp=27.1°C, Humidity=66%, Wind=7.2 km/h, Condition=Light rain shower
2024-11-23 11:47:10 - Making API request for wajir
2024-11-23 11:47:10 - Weather data for wajir: Temp=30.4°C, Humidity=55%, Wind=18.0 km/h, Condition=Partly cloudy
2024-11-23 11:47:11 - Making API request for garissa
2024-11-23 11:47:11 - Weather data for garissa: Temp=29.1°C, Humidity=75%, Wind=14.0 km/h, Condition=Partly cloudy
2024-11-23 11:47:12 - Making API request for tana river
2024-11-23 11:47:13 - Weather data for tana river: Temp=22.4°C, Humidity=62%, Wind=13.3 km/h, Condition=Patchy rain nearby
2024-11-23 11:47:14 - Making API request for wundanyi
2024-11-23 11:47:14 - Weather data for wundanyi: Temp=27.1°C, Humidity=66%, Wind=7.2 km/h, Condition=Light rain shower
2024-11-23 11:47:15 - Making API request for lamu
2024-11-23 11:47:15 - Weather data for lamu: Temp=30.3°C, Humidity=64%, Wind=9.0 km/h, Condition=Patchy rain nearby
2024-11-23 11:47:16 - Making API request for mandera
2024-11-23 11:47:17 - Weather data for mandera: Temp=30.6°C, Humidity=53%, Wind=15.1 km/h, Condition=Light rain shower
2024-11-23 11:47:18 - Making API request for mtito andei
2024-11-23 11:47:18 - Weather data for mtito andei: Temp=25.6°C, Humidity=67%, Wind=7.6 km/h, Condition=Patchy rain nearby
2024-11-23 11:47:19 - Making API request for elementaita
2024-11-23 11:47:20 - Weather data for elementaita: Temp=26.2°C, Humidity=65%, Wind=3.6 km/h, Condition=Partly cloudy
2024-11-23 11:47:21 - Making API request for baringo
2024-11-23 11:47:21 - Weather data for baringo: Temp=28.4°C, Humidity=42%, Wind=3.6 km/h, Condition=Patchy rain nearby
2024-11-23 11:47:22 - Weather data updated successfully!
2024-11-23 12:15:33 - Starting weather data update process
2024-11-23 12:15:33 - Found 28 cities in the CSV file
2024-11-23 12:15:33 - Making API request for kilifi
2024-11-23 12:15:33 - Weather data for kilifi: Temp=31.3°C, Humidity=66%, Wind=12.6 km/h, Condition=Partly cloudy
2024-11-23 12:15:34 - Making API request for watamu
2024-11-23 12:15:35 - Weather data for watamu: Temp=31.3°C, Humidity=66%, Wind=13.3 km/h, Condition=Partly cloudy
2024-11-23 12:15:36 - Making API request for magadi
2024-11-23 12:15:36 - Weather data for magadi: Temp=25.9°C, Humidity=49%, Wind=10.4 km/h, Condition=Patchy rain nearby
2024-11-23 12:15:37 - Making API request for suswa
2024-11-23 12:15:38 - Weather data for suswa: Temp=26.3°C, Humidity=65%, Wind=7.9 km/h, Condition=Partly cloudy
2024-11-23 12:15:39 - Making API request for nyeri
2024-11-23 12:15:39 - Weather data for nyeri: Temp=22.1°C, Humidity=65%, Wind=9.7 km/h, Condition=Partly cloudy
2024-11-23 12:15:40 - Making API request for bumgoma
2024-11-23 12:15:40 - Weather data for bumgoma: Temp=26.3°C, Humidity=65%, Wind=7.9 km/h, Condition=Partly cloudy
2024-11-23 12:15:41 - Making API request for malaba
2024-11-23 12:15:42 - Weather data for malaba: Temp=25.9°C, Humidity=58%, Wind=8.6 km/h, Condition=Patchy rain nearby
2024-11-23 12:15:43 - Making API request for turkana
2024-11-23 12:15:43 - Weather data for turkana: Temp=29.4°C, Humidity=54%, Wind=16.6 km/h, Condition=Patchy rain nearby
2024-11-23 12:15:44 - Making API request for moyale
2024-11-23 12:15:44 - Weather data for moyale: Temp=23.7°C, Humidity=70%, Wind=12.6 km/h, Condition=Light rain shower
2024-11-23 12:15:45 - Making API request for kitui
2024-11-23 12:15:46 - Weather data for kitui: Temp=27.4°C, Humidity=68%, Wind=5.0 km/h, Condition=Light rain shower
2024-11-23 12:15:47 - Making API request for nyandarua
2024-11-23 12:15:47 - Weather data for nyandarua: Temp=26.3°C, Humidity=65%, Wind=7.9 km/h, Condition=Partly cloudy
2024-11-23 12:15:48 - Making API request for kisumu
2024-11-23 12:15:48 - Weather data for kisumu: Temp=26.3°C, Humidity=65%, Wind=7.9 km/h, Condition=Partly cloudy
2024-11-23 12:15:49 - Making API request for kakamega
2024-11-23 12:15:49 - Weather data for kakamega: Temp=26.3°C, Humidity=65%, Wind=10.1 km/h, Condition=Partly cloudy
2024-11-23 12:15:51 - Making API request for migori
2024-11-23 12:15:52 - Weather data for migori: Temp=25.3°C, Humidity=65%, Wind=4.0 km/h, Condition=Patchy rain nearby
2024-11-23 12:15:53 - Making API request for mandera
2024-11-23 12:15:53 - Weather data for mandera: Temp=31.7°C, Humidity=48%, Wind=15.8 km/h, Condition=Patchy rain nearby
2024-11-23 12:15:54 - Making API request for meru
2024-11-23 12:15:55 - Weather data for meru: Temp=23.4°C, Humidity=78%, Wind=7.9 km/h, Condition=Partly cloudy
2024-11-23 12:15:56 - Making API request for mombasa
2024-11-23 12:15:56 - Weather data for mombasa: Temp=27.1°C, Humidity=76%, Wind=8.3 km/h, Condition=Sunny
2024-11-23 12:15:57 - Making API request for diani
2024-11-23 12:15:57 - Weather data for diani: Temp=26.1°C, Humidity=37%, Wind=3.6 km/h, Condition=Sunny
2024-11-23 12:15:58 - Making API request for kwale
2024-11-23 12:15:59 - Weather data for kwale: Temp=25.9°C, Humidity=83%, Wind=6.5 km/h, Condition=Sunny
2024-11-23 12:16:00 - Making API request for voi
2024-11-23 12:16:00 - Weather data for voi: Temp=28.0°C, Humidity=62%, Wind=6.5 km/h, Condition=Light rain shower
2024-11-23 12:16:01 - Making API request for wajir
2024-11-23 12:16:01 - Weather data for wajir: Temp=30.2°C, Humidity=55%, Wind=17.6 km/h, Condition=Partly cloudy
2024-11-23 12:16:02 - Making API request for garissa
2024-11-23 12:16:03 - Weather data for garissa: Temp=29.4°C, Humidity=75%, Wind=11.9 km/h, Condition=Partly cloudy
2024-11-23 12:16:04 - Making API request for tana river
2024-11-23 12:16:04 - Weather data for tana river: Temp=23.4°C, Humidity=61%, Wind=13.7 km/h, Condition=Partly cloudy
2024-11-23 12:16:05 - Making API request for wundanyi
2024-11-23 12:16:05 - Weather data for wundanyi: Temp=28.0°C, Humidity=62%, Wind=6.5 km/h, Condition=Light rain shower
2024-11-23 12:16:06 - Making API request for lamu
2024-11-23 12:16:07 - Weather data for lamu: Temp=30.5°C, Humidity=63%, Wind=11.9 km/h, Condition=Patchy rain nearby
2024-11-23 12:16:08 - Making API request for mtito andei
2024-11-23 12:16:08 - Weather data for mtito andei: Temp=26.6°C, Humidity=63%, Wind=7.6 km/h, Condition=Light rain shower
2024-11-23 12:16:09 - Making API request for elementaita
2024-11-23 12:16:09 - Weather data for elementaita: Temp=26.3°C, Humidity=65%, Wind=7.9 km/h, Condition=Partly cloudy
2024-11-23 12:16:10 - Making API request for baringo
2024-11-23 12:16:11 - Weather data for baringo: Temp=29.0°C, Humidity=40%, Wind=5.4 km/h, Condition=Patchy rain nearby
2024-11-23 12:16:12 - Weather data updated successfully!
2024-11-23 12:33:34 - Starting weather data update process
2024-11-23 12:33:34 - Found 19 cities in the CSV file
2024-11-23 12:33:34 - Error updating weather data: 'city'
2024-11-23 12:34:12 - Starting weather data update process
2024-11-23 12:34:12 - Found 19 cities in the CSV file
2024-11-23 12:34:12 - Making API request for chuka
2024-11-23 12:34:13 - Weather data for chuka: Temp=24.1°C, Humidity=69%, Wind=11.5 km/h, Condition=Partly cloudy
2024-11-23 12:34:14 - Making API request for juja
2024-11-23 12:34:15 - Weather data for juja: Temp=24.0°C, Humidity=61%, Wind=11.9 km/h, Condition=Partly cloudy
2024-11-23 12:34:16 - Making API request for ruiru
2024-11-23 12:34:17 - Weather data for ruiru: Temp=24.0°C, Humidity=61%, Wind=12.2 km/h, Condition=Partly cloudy
2024-11-23 12:34:18 - Making API request for kangemi
2024-11-23 12:34:19 - Weather data for kangemi: Temp=25.3°C, Humidity=57%, Wind=7.9 km/h, Condition=Partly cloudy
2024-11-23 12:34:20 - Making API request for karen
2024-11-23 12:34:21 - Weather data for karen: Temp=27.0°C, Humidity=74%, Wind=5.8 km/h, Condition=Sunny
2024-11-23 12:34:22 - Making API request for oljepeta
2024-11-23 12:34:22 - Weather data for oljepeta: Temp=25.3°C, Humidity=57%, Wind=7.9 km/h, Condition=Partly cloudy
2024-11-23 12:34:23 - Making API request for narok
2024-11-23 12:34:23 - Weather data for narok: Temp=24.2°C, Humidity=49%, Wind=13.7 km/h, Condition=Patchy rain nearby
2024-11-23 12:34:24 - Making API request for kitengela
2024-11-23 12:34:25 - Weather data for kitengela: Temp=25.3°C, Humidity=57%, Wind=7.9 km/h, Condition=Partly cloudy
2024-11-23 12:34:26 - Making API request for mwingi
2024-11-23 12:34:27 - Weather data for mwingi: Temp=26.7°C, Humidity=62%, Wind=7.2 km/h, Condition=Patchy rain nearby
2024-11-23 12:34:28 - Making API request for isiolo
2024-11-23 12:34:28 - Weather data for isiolo: Temp=24.2°C, Humidity=65%, Wind=7.9 km/h, Condition=Partly cloudy
2024-11-23 12:34:29 - Making API request for garsen
2024-11-23 12:34:30 - Weather data for garsen: Temp=31.0°C, Humidity=61%, Wind=11.5 km/h, Condition=Patchy rain nearby
2024-11-23 12:34:31 - Making API request for thindigwa
2024-11-23 12:34:31 - Weather data for thindigwa: Temp=25.3°C, Humidity=57%, Wind=7.9 km/h, Condition=Partly cloudy
2024-11-23 12:34:32 - Making API request for kiambu
2024-11-23 12:34:33 - Weather data for kiambu: Temp=23.4°C, Humidity=61%, Wind=13.3 km/h, Condition=Partly cloudy
2024-11-23 12:34:34 - Making API request for kirinyaga
2024-11-23 12:34:34 - Weather data for kirinyaga: Temp=25.3°C, Humidity=57%, Wind=7.9 km/h, Condition=Partly cloudy
2024-11-23 12:34:35 - Making API request for molo
2024-11-23 12:34:36 - Weather data for molo: Temp=20.5°C, Humidity=45%, Wind=10.1 km/h, Condition=Sunny
2024-11-23 12:34:37 - Making API request for mulot
2024-11-23 12:34:38 - Weather data for mulot: Temp=22.5°C, Humidity=24%, Wind=4.7 km/h, Condition=Cloudy
2024-11-23 12:34:39 - Making API request for kitale
2024-11-23 12:34:42 - Weather data for kitale: Temp=25.2°C, Humidity=47%, Wind=5.0 km/h, Condition=Partly cloudy
2024-11-23 12:34:43 - Making API request for kimilili
2024-11-23 12:34:44 - Weather data for kimilili: Temp=25.2°C, Humidity=47%, Wind=6.1 km/h, Condition=Partly cloudy
2024-11-23 12:34:45 - Making API request for chwele
2024-11-23 12:34:45 - Weather data for chwele: Temp=25.3°C, Humidity=57%, Wind=7.9 km/h, Condition=Partly cloudy
2024-11-23 12:34:46 - Weather data updated successfully!
